#
# There is insufficient memory for the Java Runtime Environment to continue.
# Native memory allocation (malloc) failed to allocate 2140704 bytes. Error detail: Chunk::new
# Possible reasons:
#   The system is out of physical RAM or swap space
#   This process is running with CompressedOops enabled, and the Java Heap may be blocking the growth of the native heap
# Possible solutions:
#   Reduce memory load on the system
#   Increase physical memory or swap space
#   Check if swap backing store is full
#   Decrease Java heap size (-Xmx/-Xms)
#   Decrease number of Java threads
#   Decrease Java thread stack sizes (-Xss)
#   Set larger code cache with -XX:ReservedCodeCacheSize=
#   JVM is running with Unscaled Compressed Oops mode in which the Java heap is
#     placed in the first 4GB address space. The Java Heap base address is the
#     maximum limit for the native heap growth. Please use -XX:HeapBaseMinAddress
#     to set the Java Heap base and to place the Java Heap above 4GB virtual address.
# This output file may be truncated or incomplete.
#
#  Out of Memory Error (arena.cpp:149), pid=19048, tid=24040
#
# JRE version: OpenJDK Runtime Environment (23.0+37) (build 23+37-2369)
# Java VM: OpenJDK 64-Bit Server VM (23+37-2369, mixed mode, sharing, tiered, compressed oops, compressed class ptrs, g1 gc, windows-amd64)
# No core dump will be written. Minidumps are not enabled by default on client versions of Windows
#

---------------  S U M M A R Y ------------

Command Line: -javaagent:C:\Program Files\JetBrains\IntelliJ IDEA Community Edition 2024.1.4\lib\idea_rt.jar=60050:C:\Program Files\JetBrains\IntelliJ IDEA Community Edition 2024.1.4\bin -Dfile.encoding=UTF-8 -Dsun.stdout.encoding=UTF-8 -Dsun.stderr.encoding=UTF-8 com.khs48.ecom_project.EcomProjectApplication

Host: AMD Ryzen 5 5500U with Radeon Graphics         , 12 cores, 5G,  Windows 11 , 64 bit Build 26100 (10.0.26100.4768)
Time: Thu Aug  7 11:48:16 2025 India Standard Time elapsed time: 1802.560238 seconds (0d 0h 30m 2s)

---------------  T H R E A D  ---------------

Current thread (0x000001b42f955590):  JavaThread "C2 CompilerThread0" daemon [_thread_in_native, id=24040, stack(0x0000009f2b000000,0x0000009f2b100000) (1024K)]


Current CompileTask:
C2:1802560 7169       4       sun.security.ec.ECOperations::setSum (685 bytes)

Stack: [0x0000009f2b000000,0x0000009f2b100000]
Native frames: (J=compiled Java code, j=interpreted, Vv=VM code, C=native code)
V  [jvm.dll+0x6e08a9]  (no source info available)
V  [jvm.dll+0x87da63]  (no source info available)
V  [jvm.dll+0x87feee]  (no source info available)
V  [jvm.dll+0x8805c3]  (no source info available)
V  [jvm.dll+0x27aee6]  (no source info available)
V  [jvm.dll+0xbc06f]  (no source info available)
V  [jvm.dll+0xbc2cb]  (no source info available)
V  [jvm.dll+0x3b3a9c]  (no source info available)
V  [jvm.dll+0x38a42b]  (no source info available)
V  [jvm.dll+0x38989a]  (no source info available)
V  [jvm.dll+0x244aa1]  (no source info available)
V  [jvm.dll+0x243dff]  (no source info available)
V  [jvm.dll+0x1c33a0]  (no source info available)
V  [jvm.dll+0x253cf1]  (no source info available)
V  [jvm.dll+0x251faa]  (no source info available)
V  [jvm.dll+0x3ee036]  (no source info available)
V  [jvm.dll+0x824f1b]  (no source info available)
V  [jvm.dll+0x6df055]  (no source info available)
C  [ucrtbase.dll+0x37b0]  (no source info available)
C  [KERNEL32.DLL+0x2e8d7]  (no source info available)
C  [ntdll.dll+0x3c34c]  (no source info available)

Lock stack of current Java thread (top to bottom):


---------------  P R O C E S S  ---------------

Threads class SMR info:
_java_thread_list=0x000001b477d327c0, length=33, elements={
0x000001b42f93fdb0, 0x000001b42f941820, 0x000001b42f944bd0, 0x000001b42f945630,
0x000001b42f946090, 0x000001b42f954b30, 0x000001b42f955590, 0x000001b42f956990,
0x000001b42fa5fe30, 0x000001b475163bf0, 0x000001b475164260, 0x000001b477236b20,
0x000001b476b87fc0, 0x000001b476671800, 0x000001b476671e90, 0x000001b476672520,
0x000001b4766738d0, 0x000001b476673f60, 0x000001b4766745f0, 0x000001b478f938e0,
0x000001b478f96d60, 0x000001b478f959b0, 0x000001b478f966d0, 0x000001b478f973f0,
0x000001b478f93f70, 0x000001b478f97a80, 0x000001b478f94600, 0x000001b478f98110,
0x000001b478f94c90, 0x000001b478f987a0, 0x000001b478f95320, 0x000001b478f98e30,
0x000001b478f994c0
}

Java Threads: ( => current thread )
  0x000001b42f93fdb0 JavaThread "Reference Handler"          daemon [_thread_blocked, id=8516, stack(0x0000009f2aa00000,0x0000009f2ab00000) (1024K)]
  0x000001b42f941820 JavaThread "Finalizer"                  daemon [_thread_blocked, id=7412, stack(0x0000009f2ab00000,0x0000009f2ac00000) (1024K)]
  0x000001b42f944bd0 JavaThread "Signal Dispatcher"          daemon [_thread_blocked, id=8228, stack(0x0000009f2ac00000,0x0000009f2ad00000) (1024K)]
  0x000001b42f945630 JavaThread "Attach Listener"            daemon [_thread_blocked, id=23360, stack(0x0000009f2ad00000,0x0000009f2ae00000) (1024K)]
  0x000001b42f946090 JavaThread "Service Thread"             daemon [_thread_blocked, id=22308, stack(0x0000009f2ae00000,0x0000009f2af00000) (1024K)]
  0x000001b42f954b30 JavaThread "Monitor Deflation Thread"   daemon [_thread_blocked, id=18928, stack(0x0000009f2af00000,0x0000009f2b000000) (1024K)]
=>0x000001b42f955590 JavaThread "C2 CompilerThread0"         daemon [_thread_in_native, id=24040, stack(0x0000009f2b000000,0x0000009f2b100000) (1024K)]
  0x000001b42f956990 JavaThread "C1 CompilerThread0"         daemon [_thread_blocked, id=23328, stack(0x0000009f2b100000,0x0000009f2b200000) (1024K)]
  0x000001b42fa5fe30 JavaThread "Common-Cleaner"             daemon [_thread_blocked, id=8232, stack(0x0000009f2b200000,0x0000009f2b300000) (1024K)]
  0x000001b475163bf0 JavaThread "Monitor Ctrl-Break"         daemon [_thread_in_native, id=23992, stack(0x0000009f2b400000,0x0000009f2b500000) (1024K)]
  0x000001b475164260 JavaThread "Notification Thread"        daemon [_thread_blocked, id=8840, stack(0x0000009f2b500000,0x0000009f2b600000) (1024K)]
  0x000001b477236b20 JavaThread "Catalina-utility-1"                [_thread_blocked, id=22804, stack(0x0000009f2c200000,0x0000009f2c300000) (1024K)]
  0x000001b476b87fc0 JavaThread "Catalina-utility-2"                [_thread_blocked, id=24020, stack(0x0000009f2c300000,0x0000009f2c400000) (1024K)]
  0x000001b476671800 JavaThread "container-0"                       [_thread_blocked, id=12344, stack(0x0000009f2c400000,0x0000009f2c500000) (1024K)]
  0x000001b476671e90 JavaThread "mysql-cj-abandoned-connection-cleanup" daemon [_thread_blocked, id=20604, stack(0x0000009f2c500000,0x0000009f2c600000) (1024K)]
  0x000001b476672520 JavaThread "HikariPool-1:housekeeper"   daemon [_thread_blocked, id=21920, stack(0x0000009f2c700000,0x0000009f2c800000) (1024K)]
  0x000001b4766738d0 JavaThread "File Watcher"               daemon [_thread_blocked, id=23396, stack(0x0000009f2c900000,0x0000009f2ca00000) (1024K)]
  0x000001b476673f60 JavaThread "Live Reload Server"         daemon [_thread_in_native, id=22740, stack(0x0000009f2cb00000,0x0000009f2cc00000) (1024K)]
  0x000001b4766745f0 JavaThread "http-nio-8080-exec-1"       daemon [_thread_blocked, id=24312, stack(0x0000009f2ca00000,0x0000009f2cb00000) (1024K)]
  0x000001b478f938e0 JavaThread "http-nio-8080-exec-2"       daemon [_thread_blocked, id=24016, stack(0x0000009f2cc00000,0x0000009f2cd00000) (1024K)]
  0x000001b478f96d60 JavaThread "http-nio-8080-exec-3"       daemon [_thread_blocked, id=15280, stack(0x0000009f2cd00000,0x0000009f2ce00000) (1024K)]
  0x000001b478f959b0 JavaThread "http-nio-8080-exec-4"       daemon [_thread_blocked, id=19672, stack(0x0000009f2ce00000,0x0000009f2cf00000) (1024K)]
  0x000001b478f966d0 JavaThread "http-nio-8080-exec-5"       daemon [_thread_blocked, id=22580, stack(0x0000009f2cf00000,0x0000009f2d000000) (1024K)]
  0x000001b478f973f0 JavaThread "http-nio-8080-exec-6"       daemon [_thread_blocked, id=11400, stack(0x0000009f2d000000,0x0000009f2d100000) (1024K)]
  0x000001b478f93f70 JavaThread "http-nio-8080-exec-7"       daemon [_thread_blocked, id=18924, stack(0x0000009f2d100000,0x0000009f2d200000) (1024K)]
  0x000001b478f97a80 JavaThread "http-nio-8080-exec-8"       daemon [_thread_blocked, id=21460, stack(0x0000009f2d200000,0x0000009f2d300000) (1024K)]
  0x000001b478f94600 JavaThread "http-nio-8080-exec-9"       daemon [_thread_blocked, id=3872, stack(0x0000009f2d300000,0x0000009f2d400000) (1024K)]
  0x000001b478f98110 JavaThread "http-nio-8080-exec-10"      daemon [_thread_blocked, id=22788, stack(0x0000009f2d400000,0x0000009f2d500000) (1024K)]
  0x000001b478f94c90 JavaThread "http-nio-8080-Poller"       daemon [_thread_in_native, id=12336, stack(0x0000009f2d500000,0x0000009f2d600000) (1024K)]
  0x000001b478f987a0 JavaThread "http-nio-8080-Acceptor"     daemon [_thread_in_native, id=5028, stack(0x0000009f2d600000,0x0000009f2d700000) (1024K)]
  0x000001b478f95320 JavaThread "DestroyJavaVM"                     [_thread_blocked, id=4480, stack(0x0000009f2a200000,0x0000009f2a300000) (1024K)]
  0x000001b478f98e30 JavaThread "HikariPool-1:connection-closer" daemon [_thread_blocked, id=10004, stack(0x0000009f29f00000,0x0000009f2a000000) (1024K)]
  0x000001b478f994c0 JavaThread "HikariPool-1:connection-adder" daemon [_thread_blocked, id=21260, stack(0x0000009f2a000000,0x0000009f2a100000) (1024K)]
Total: 33

Other Threads:
  0x000001b42f92ba10 VMThread "VM Thread"                           [id=6340, stack(0x0000009f2a900000,0x0000009f2aa00000) (1024K)]
  0x000001b42f917570 WatcherThread "VM Periodic Task Thread"        [id=22860, stack(0x0000009f2a800000,0x0000009f2a900000) (1024K)]
  0x000001b41326d850 WorkerThread "GC Thread#0"                     [id=14144, stack(0x0000009f2a300000,0x0000009f2a400000) (1024K)]
  0x000001b47585ad00 WorkerThread "GC Thread#1"                     [id=24244, stack(0x0000009f2b700000,0x0000009f2b800000) (1024K)]
  0x000001b47585b0b0 WorkerThread "GC Thread#2"                     [id=10096, stack(0x0000009f2b800000,0x0000009f2b900000) (1024K)]
  0x000001b47585b460 WorkerThread "GC Thread#3"                     [id=8848, stack(0x0000009f2b900000,0x0000009f2ba00000) (1024K)]
  0x000001b475854070 WorkerThread "GC Thread#4"                     [id=19544, stack(0x0000009f2ba00000,0x0000009f2bb00000) (1024K)]
  0x000001b475854420 WorkerThread "GC Thread#5"                     [id=10996, stack(0x0000009f2bb00000,0x0000009f2bc00000) (1024K)]
  0x000001b475a14170 WorkerThread "GC Thread#6"                     [id=13456, stack(0x0000009f2bd00000,0x0000009f2be00000) (1024K)]
  0x000001b475a14520 WorkerThread "GC Thread#7"                     [id=12052, stack(0x0000009f2be00000,0x0000009f2bf00000) (1024K)]
  0x000001b475a132b0 WorkerThread "GC Thread#8"                     [id=3932, stack(0x0000009f2bf00000,0x0000009f2c000000) (1024K)]
  0x000001b475a12f00 WorkerThread "GC Thread#9"                     [id=16348, stack(0x0000009f2c000000,0x0000009f2c100000) (1024K)]
  0x000001b41327d2b0 ConcurrentGCThread "G1 Main Marker"            [id=11064, stack(0x0000009f2a400000,0x0000009f2a500000) (1024K)]
  0x000001b41327ece0 WorkerThread "G1 Conc#0"                       [id=6780, stack(0x0000009f2a500000,0x0000009f2a600000) (1024K)]
  0x000001b475f48200 WorkerThread "G1 Conc#1"                       [id=19280, stack(0x0000009f2bc00000,0x0000009f2bd00000) (1024K)]
  0x000001b475f44e60 WorkerThread "G1 Conc#2"                       [id=23124, stack(0x0000009f2c100000,0x0000009f2c200000) (1024K)]
  0x000001b42f7e50f0 ConcurrentGCThread "G1 Refine#0"               [id=24308, stack(0x0000009f2a600000,0x0000009f2a700000) (1024K)]
  0x000001b42f7e5920 ConcurrentGCThread "G1 Service"                [id=23680, stack(0x0000009f2a700000,0x0000009f2a800000) (1024K)]
Total: 18

Threads with active compile tasks:
C2 CompilerThread0  1802756 7169       4       sun.security.ec.ECOperations::setSum (685 bytes)
Total: 1

VM state: not at safepoint (normal execution)

VM Mutex/Monitor currently owned by a thread: None

Heap address: 0x00000000a2600000, size: 1498 MB, Compressed Oops mode: 32-bit

CDS archive(s) mapped at: [0x000001b430000000-0x000001b430d70000-0x000001b430d70000), size 14090240, SharedBaseAddress: 0x000001b430000000, ArchiveRelocationMode: 1.
Compressed class space mapped at: 0x000001b431000000-0x000001b471000000, reserved size: 1073741824
Narrow klass base: 0x000001b430000000, Narrow klass shift: 0, Narrow klass range: 0x41000000

GC Precious Log:
 CardTable entry size: 512
 Card Set container configuration: InlinePtr #cards 5 size 8 Array Of Cards #cards 10 size 36 Howl #buckets 4 coarsen threshold 1843 Howl Bitmap #cards 512 size 80 coarsen threshold 460 Card regions per heap region 1 cards per card region 2048
 CPUs: 12 total, 12 available
 Memory: 5989M
 Large Page Support: Disabled
 NUMA Support: Disabled
 Compressed Oops: Enabled (32-bit)
 Heap Region Size: 1M
 Heap Min Capacity: 8M
 Heap Initial Capacity: 94M
 Heap Max Capacity: 1498M
 Pre-touch: Disabled
 Parallel Workers: 10
 Concurrent Workers: 3
 Concurrent Refinement Workers: 10
 Periodic GC: Disabled

Heap:
 garbage-first heap   total reserved 1533952K, committed 53248K, used 34003K [0x00000000a2600000, 0x0000000100000000)
  region size 1024K, 5 young (5120K), 1 survivors (1024K)
 Metaspace       used 69797K, committed 70656K, reserved 1114112K
  class space    used 9492K, committed 9856K, reserved 1048576K

Heap Regions: E=young(eden), S=young(survivor), O=old, HS=humongous(starts), HC=humongous(continues), CS=collection set, F=free, TAMS=top-at-mark-start, PB=parsable bottom
|   0|0x00000000a2600000, 0x00000000a2700000, 0x00000000a2700000|100%|HS|  |TAMS 0x00000000a2600000| PB 0x00000000a2600000| Complete |  0
|   1|0x00000000a2700000, 0x00000000a2800000, 0x00000000a2800000|100%|HS|  |TAMS 0x00000000a2700000| PB 0x00000000a2700000| Complete |  0
|   2|0x00000000a2800000, 0x00000000a2900000, 0x00000000a2900000|100%| O|  |TAMS 0x00000000a2800000| PB 0x00000000a2800000| Untracked |  0
|   3|0x00000000a2900000, 0x00000000a2a00000, 0x00000000a2a00000|100%| O|  |TAMS 0x00000000a2900000| PB 0x00000000a2900000| Untracked |  0
|   4|0x00000000a2a00000, 0x00000000a2b00000, 0x00000000a2b00000|100%| O|Cm|TAMS 0x00000000a2a00000| PB 0x00000000a2a00000| Complete |  0
|   5|0x00000000a2b00000, 0x00000000a2c00000, 0x00000000a2c00000|100%| O|  |TAMS 0x00000000a2b00000| PB 0x00000000a2b00000| Untracked |  0
|   6|0x00000000a2c00000, 0x00000000a2d00000, 0x00000000a2d00000|100%| O|  |TAMS 0x00000000a2c00000| PB 0x00000000a2c00000| Untracked |  0
|   7|0x00000000a2d00000, 0x00000000a2e00000, 0x00000000a2e00000|100%| O|  |TAMS 0x00000000a2d00000| PB 0x00000000a2d00000| Untracked |  0
|   8|0x00000000a2e00000, 0x00000000a2f00000, 0x00000000a2f00000|100%| O|  |TAMS 0x00000000a2e00000| PB 0x00000000a2e00000| Untracked |  0
|   9|0x00000000a2f00000, 0x00000000a3000000, 0x00000000a3000000|100%| O|  |TAMS 0x00000000a2f00000| PB 0x00000000a2f00000| Untracked |  0
|  10|0x00000000a3000000, 0x00000000a3100000, 0x00000000a3100000|100%| O|  |TAMS 0x00000000a3000000| PB 0x00000000a3000000| Untracked |  0
|  11|0x00000000a3100000, 0x00000000a3200000, 0x00000000a3200000|100%| O|  |TAMS 0x00000000a3100000| PB 0x00000000a3100000| Untracked |  0
|  12|0x00000000a3200000, 0x00000000a3300000, 0x00000000a3300000|100%| O|  |TAMS 0x00000000a3200000| PB 0x00000000a3200000| Untracked |  0
|  13|0x00000000a3300000, 0x00000000a3400000, 0x00000000a3400000|100%| O|Cm|TAMS 0x00000000a3300000| PB 0x00000000a3300000| Complete |  0
|  14|0x00000000a3400000, 0x00000000a3500000, 0x00000000a3500000|100%| O|Cm|TAMS 0x00000000a3400000| PB 0x00000000a3400000| Complete |  0
|  15|0x00000000a3500000, 0x00000000a3600000, 0x00000000a3600000|100%| O|  |TAMS 0x00000000a3500000| PB 0x00000000a3500000| Untracked |  0
|  16|0x00000000a3600000, 0x00000000a3700000, 0x00000000a3700000|100%| O|  |TAMS 0x00000000a3600000| PB 0x00000000a3600000| Untracked |  0
|  17|0x00000000a3700000, 0x00000000a374c5d0, 0x00000000a3800000| 29%| O|  |TAMS 0x00000000a3700000| PB 0x00000000a3700000| Untracked |  0
|  18|0x00000000a3800000, 0x00000000a3900000, 0x00000000a3900000|100%| O|  |TAMS 0x00000000a3800000| PB 0x00000000a3800000| Untracked |  0
|  19|0x00000000a3900000, 0x00000000a3a00000, 0x00000000a3a00000|100%| O|Cm|TAMS 0x00000000a3900000| PB 0x00000000a3900000| Complete |  0
|  20|0x00000000a3a00000, 0x00000000a3b00000, 0x00000000a3b00000|100%| O|  |TAMS 0x00000000a3a00000| PB 0x00000000a3a00000| Untracked |  0
|  21|0x00000000a3b00000, 0x00000000a3c00000, 0x00000000a3c00000|100%| O|  |TAMS 0x00000000a3b00000| PB 0x00000000a3b00000| Untracked |  0
|  22|0x00000000a3c00000, 0x00000000a3d00000, 0x00000000a3d00000|100%| O|  |TAMS 0x00000000a3c00000| PB 0x00000000a3c00000| Untracked |  0
|  23|0x00000000a3d00000, 0x00000000a3e00000, 0x00000000a3e00000|100%| O|  |TAMS 0x00000000a3d00000| PB 0x00000000a3d00000| Untracked |  0
|  24|0x00000000a3e00000, 0x00000000a3f00000, 0x00000000a3f00000|100%| O|  |TAMS 0x00000000a3e00000| PB 0x00000000a3e00000| Untracked |  0
|  25|0x00000000a3f00000, 0x00000000a4000000, 0x00000000a4000000|100%| O|Cm|TAMS 0x00000000a3f00000| PB 0x00000000a3f00000| Complete |  0
|  26|0x00000000a4000000, 0x00000000a4100000, 0x00000000a4100000|100%| O|Cm|TAMS 0x00000000a4000000| PB 0x00000000a4000000| Complete |  0
|  27|0x00000000a4100000, 0x00000000a4200000, 0x00000000a4200000|100%| O|Cm|TAMS 0x00000000a4100000| PB 0x00000000a4100000| Complete |  0
|  28|0x00000000a4200000, 0x00000000a4300000, 0x00000000a4300000|100%| O|  |TAMS 0x00000000a4200000| PB 0x00000000a4200000| Untracked |  0
|  29|0x00000000a4300000, 0x00000000a4300000, 0x00000000a4400000|  0%| F|  |TAMS 0x00000000a4300000| PB 0x00000000a4300000| Untracked |  0
|  30|0x00000000a4400000, 0x00000000a4400000, 0x00000000a4500000|  0%| F|  |TAMS 0x00000000a4400000| PB 0x00000000a4400000| Untracked |  0
|  31|0x00000000a4500000, 0x00000000a4600000, 0x00000000a4600000|100%| O|  |TAMS 0x00000000a4500000| PB 0x00000000a4500000| Untracked |  0
|  32|0x00000000a4600000, 0x00000000a4600000, 0x00000000a4700000|  0%| F|  |TAMS 0x00000000a4600000| PB 0x00000000a4600000| Untracked |  0
|  33|0x00000000a4700000, 0x00000000a4700000, 0x00000000a4800000|  0%| F|  |TAMS 0x00000000a4700000| PB 0x00000000a4700000| Untracked |  0
|  34|0x00000000a4800000, 0x00000000a4800000, 0x00000000a4900000|  0%| F|  |TAMS 0x00000000a4800000| PB 0x00000000a4800000| Untracked |  0
|  35|0x00000000a4900000, 0x00000000a4900000, 0x00000000a4a00000|  0%| F|  |TAMS 0x00000000a4900000| PB 0x00000000a4900000| Untracked |  0
|  36|0x00000000a4a00000, 0x00000000a4a00000, 0x00000000a4b00000|  0%| F|  |TAMS 0x00000000a4a00000| PB 0x00000000a4a00000| Untracked |  0
|  37|0x00000000a4b00000, 0x00000000a4b00000, 0x00000000a4c00000|  0%| F|  |TAMS 0x00000000a4b00000| PB 0x00000000a4b00000| Untracked |  0
|  38|0x00000000a4c00000, 0x00000000a4c00000, 0x00000000a4d00000|  0%| F|  |TAMS 0x00000000a4c00000| PB 0x00000000a4c00000| Untracked |  0
|  39|0x00000000a4d00000, 0x00000000a4d00000, 0x00000000a4e00000|  0%| F|  |TAMS 0x00000000a4d00000| PB 0x00000000a4d00000| Untracked |  0
|  40|0x00000000a4e00000, 0x00000000a4e00000, 0x00000000a4f00000|  0%| F|  |TAMS 0x00000000a4e00000| PB 0x00000000a4e00000| Untracked |  0
|  41|0x00000000a4f00000, 0x00000000a4fe88a0, 0x00000000a5000000| 90%| S|CS|TAMS 0x00000000a4f00000| PB 0x00000000a4f00000| Complete |  0
|  42|0x00000000a5000000, 0x00000000a5000000, 0x00000000a5100000|  0%| F|  |TAMS 0x00000000a5000000| PB 0x00000000a5000000| Untracked |  0
|  43|0x00000000a5100000, 0x00000000a5100000, 0x00000000a5200000|  0%| F|  |TAMS 0x00000000a5100000| PB 0x00000000a5100000| Untracked |  0
|  44|0x00000000a5200000, 0x00000000a5200000, 0x00000000a5300000|  0%| F|  |TAMS 0x00000000a5200000| PB 0x00000000a5200000| Untracked |  0
|  45|0x00000000a5300000, 0x00000000a5300000, 0x00000000a5400000|  0%| F|  |TAMS 0x00000000a5300000| PB 0x00000000a5300000| Untracked |  0
|  46|0x00000000a5400000, 0x00000000a5400000, 0x00000000a5500000|  0%| F|  |TAMS 0x00000000a5400000| PB 0x00000000a5400000| Untracked |  0
|  47|0x00000000a5500000, 0x00000000a5500000, 0x00000000a5600000|  0%| F|  |TAMS 0x00000000a5500000| PB 0x00000000a5500000| Untracked |  0
|  48|0x00000000a5600000, 0x00000000a5681688, 0x00000000a5700000| 50%| E|  |TAMS 0x00000000a5600000| PB 0x00000000a5600000| Complete |  0
|  49|0x00000000a5700000, 0x00000000a5800000, 0x00000000a5800000|100%| E|CS|TAMS 0x00000000a5700000| PB 0x00000000a5700000| Complete |  0
|  50|0x00000000a5800000, 0x00000000a5900000, 0x00000000a5900000|100%| E|CS|TAMS 0x00000000a5800000| PB 0x00000000a5800000| Complete |  0
|  93|0x00000000a8300000, 0x00000000a8400000, 0x00000000a8400000|100%| E|CS|TAMS 0x00000000a8300000| PB 0x00000000a8300000| Complete |  0

Card table byte_map: [0x000001b42b2a0000,0x000001b42b590000] _byte_map_base: 0x000001b42ad8d000

Marking Bits: (CMBitMap*) 0x000001b41326df60
 Bits: [0x000001b42b590000, 0x000001b42ccf8000)

Polling page: 0x000001b4113e0000

Metaspace:

Usage:
  Non-class:     58.89 MB used.
      Class:      9.27 MB used.
       Both:     68.16 MB used.

Virtual space:
  Non-class space:       64.00 MB reserved,      59.38 MB ( 93%) committed,  1 nodes.
      Class space:        1.00 GB reserved,       9.62 MB ( <1%) committed,  1 nodes.
             Both:        1.06 GB reserved,      69.00 MB (  6%) committed. 

Chunk freelists:
   Non-Class:  4.45 MB
       Class:  6.33 MB
        Both:  10.79 MB

MaxMetaspaceSize: unlimited
CompressedClassSpaceSize: 1.00 GB
Initial GC threshold: 21.00 MB
Current GC threshold: 114.94 MB
CDS: on
 - commit_granule_bytes: 65536.
 - commit_granule_words: 8192.
 - virtual_space_node_default_size: 8388608.
 - enlarge_chunks_in_place: 1.
 - use_allocation_guard: 0.


Internal statistics:

num_allocs_failed_limit: 6.
num_arena_births: 892.
num_arena_deaths: 310.
num_vsnodes_births: 2.
num_vsnodes_deaths: 0.
num_space_committed: 1103.
num_space_uncommitted: 0.
num_chunks_returned_to_freelist: 363.
num_chunks_taken_from_freelist: 3284.
num_chunk_merges: 94.
num_chunk_splits: 2329.
num_chunks_enlarged: 1805.
num_inconsistent_stats: 0.

CodeHeap 'non-profiled nmethods': size=120064Kb used=2569Kb max_used=2569Kb free=117494Kb
 bounds [0x000001b423410000, 0x000001b4236a0000, 0x000001b42a950000]
CodeHeap 'profiled nmethods': size=120000Kb used=9194Kb max_used=9194Kb free=110805Kb
 bounds [0x000001b41b950000, 0x000001b41c250000, 0x000001b422e80000]
CodeHeap 'non-nmethods': size=5696Kb used=1706Kb max_used=1741Kb free=3989Kb
 bounds [0x000001b422e80000, 0x000001b4230f0000, 0x000001b423410000]
CodeCache: size=245760Kb, used=13469Kb, max_used=13504Kb, free=232288Kb
 total_blobs=7032, nmethods=6283, adapters=654, full_count=0
Compilation: enabled, stopped_count=0, restarted_count=0

Compilation events (20 events):
Event: 1793.437 Thread 0x000001b42f956990 7162       3       java.net.Socket::isConnected (12 bytes)
Event: 1793.437 Thread 0x000001b42f956990 nmethod 7162 0x000001b41c248688 code [0x000001b41c2487a0, 0x000001b41c2488d8]
Event: 1793.481 Thread 0x000001b42f955590 nmethod 7154 0x000001b42368fa88 code [0x000001b42368fdc0, 0x000001b423691cf8]
Event: 1798.489 Thread 0x000001b42f955590 7163       4       java.lang.ThreadLocal$ThreadLocalMap::getEntry (42 bytes)
Event: 1798.494 Thread 0x000001b42f955590 nmethod 7163 0x000001b423691e88 code [0x000001b423691fa0, 0x000001b4236920d0]
Event: 1800.990 Thread 0x000001b42f956990 7164       3       sun.security.util.math.intpoly.MontgomeryIntegerPolynomialP256::get1 (5 bytes)
Event: 1800.993 Thread 0x000001b42f956990 nmethod 7164 0x000001b41c248988 code [0x000001b41c248aa0, 0x000001b41c248bd8]
Event: 1800.993 Thread 0x000001b42f956990 7166       3       java.math.MutableBigInteger::compare (106 bytes)
Event: 1800.995 Thread 0x000001b42f956990 nmethod 7166 0x000001b41c248c88 code [0x000001b41c248de0, 0x000001b41c249180]
Event: 1800.995 Thread 0x000001b42f956990 7165       3       sun.security.util.math.intpoly.MontgomeryIntegerPolynomialP256::get1 (13 bytes)
Event: 1800.998 Thread 0x000001b42f956990 nmethod 7165 0x000001b41c249208 code [0x000001b41c249340, 0x000001b41c249698]
Event: 1800.999 Thread 0x000001b42f956990 7168       3       java.math.BigInteger::bitLengthForInt (8 bytes)
Event: 1800.999 Thread 0x000001b42f956990 nmethod 7168 0x000001b41c249708 code [0x000001b41c249820, 0x000001b41c249940]
Event: 1800.999 Thread 0x000001b42f956990 7167       3       java.math.BigInteger::compareTo (75 bytes)
Event: 1801.000 Thread 0x000001b42f956990 nmethod 7167 0x000001b41c249a08 code [0x000001b41c249b60, 0x000001b41c249e38]
Event: 1801.001 Thread 0x000001b42f955590 7169       4       sun.security.ec.ECOperations::setSum (685 bytes)
Event: 1801.010 Thread 0x000001b42f956990 7171       3       java.math.MutableBigInteger::normalize (91 bytes)
Event: 1801.011 Thread 0x000001b42f956990 nmethod 7171 0x000001b41c249e88 code [0x000001b41c249fc0, 0x000001b41c24a300]
Event: 1801.011 Thread 0x000001b42f956990 7173       3       sun.security.ssl.Record::getInt8 (14 bytes)
Event: 1801.012 Thread 0x000001b42f956990 nmethod 7173 0x000001b41c24a388 code [0x000001b41c24a4e0, 0x000001b41c24a8b0]

GC Heap History (20 events):
Event: 9.131 GC heap before
{Heap before GC invocations=9 (full 0):
 garbage-first heap   total reserved 1533952K, committed 48128K, used 40211K [0x00000000a2600000, 0x0000000100000000)
  region size 1024K, 20 young (20480K), 1 survivors (1024K)
 Metaspace       used 44461K, committed 45056K, reserved 1114112K
  class space    used 5897K, committed 6144K, reserved 1048576K
}
Event: 9.137 GC heap after
{Heap after GC invocations=10 (full 0):
 garbage-first heap   total reserved 1533952K, committed 48128K, used 22891K [0x00000000a2600000, 0x0000000100000000)
  region size 1024K, 3 young (3072K), 3 survivors (3072K)
 Metaspace       used 44461K, committed 45056K, reserved 1114112K
  class space    used 5897K, committed 6144K, reserved 1048576K
}
Event: 9.845 GC heap before
{Heap before GC invocations=10 (full 0):
 garbage-first heap   total reserved 1533952K, committed 48128K, used 40299K [0x00000000a2600000, 0x0000000100000000)
  region size 1024K, 20 young (20480K), 3 survivors (3072K)
 Metaspace       used 48305K, committed 48832K, reserved 1114112K
  class space    used 6436K, committed 6656K, reserved 1048576K
}
Event: 9.853 GC heap after
{Heap after GC invocations=11 (full 0):
 garbage-first heap   total reserved 1533952K, committed 48128K, used 24081K [0x00000000a2600000, 0x0000000100000000)
  region size 1024K, 2 young (2048K), 2 survivors (2048K)
 Metaspace       used 48305K, committed 48832K, reserved 1114112K
  class space    used 6436K, committed 6656K, reserved 1048576K
}
Event: 10.531 GC heap before
{Heap before GC invocations=11 (full 0):
 garbage-first heap   total reserved 1533952K, committed 48128K, used 39441K [0x00000000a2600000, 0x0000000100000000)
  region size 1024K, 18 young (18432K), 2 survivors (2048K)
 Metaspace       used 53875K, committed 54336K, reserved 1114112K
  class space    used 7236K, committed 7424K, reserved 1048576K
}
Event: 10.537 GC heap after
{Heap after GC invocations=12 (full 0):
 garbage-first heap   total reserved 1533952K, committed 48128K, used 24618K [0x00000000a2600000, 0x0000000100000000)
  region size 1024K, 3 young (3072K), 3 survivors (3072K)
 Metaspace       used 53875K, committed 54336K, reserved 1114112K
  class space    used 7236K, committed 7424K, reserved 1048576K
}
Event: 11.192 GC heap before
{Heap before GC invocations=13 (full 0):
 garbage-first heap   total reserved 1533952K, committed 48128K, used 39978K [0x00000000a2600000, 0x0000000100000000)
  region size 1024K, 18 young (18432K), 3 survivors (3072K)
 Metaspace       used 57747K, committed 58432K, reserved 1114112K
  class space    used 7941K, committed 8256K, reserved 1048576K
}
Event: 11.197 GC heap after
{Heap after GC invocations=14 (full 0):
 garbage-first heap   total reserved 1533952K, committed 48128K, used 25177K [0x00000000a2600000, 0x0000000100000000)
  region size 1024K, 2 young (2048K), 2 survivors (2048K)
 Metaspace       used 57747K, committed 58432K, reserved 1114112K
  class space    used 7941K, committed 8256K, reserved 1048576K
}
Event: 12.824 GC heap before
{Heap before GC invocations=14 (full 0):
 garbage-first heap   total reserved 1533952K, committed 48128K, used 40537K [0x00000000a2600000, 0x0000000100000000)
  region size 1024K, 18 young (18432K), 2 survivors (2048K)
 Metaspace       used 60656K, committed 61312K, reserved 1114112K
  class space    used 8341K, committed 8640K, reserved 1048576K
}
Event: 12.830 GC heap after
{Heap after GC invocations=15 (full 0):
 garbage-first heap   total reserved 1533952K, committed 48128K, used 26749K [0x00000000a2600000, 0x0000000100000000)
  region size 1024K, 3 young (3072K), 3 survivors (3072K)
 Metaspace       used 60656K, committed 61312K, reserved 1114112K
  class space    used 8341K, committed 8640K, reserved 1048576K
}
Event: 13.405 GC heap before
{Heap before GC invocations=15 (full 0):
 garbage-first heap   total reserved 1533952K, committed 48128K, used 41085K [0x00000000a2600000, 0x0000000100000000)
  region size 1024K, 17 young (17408K), 3 survivors (3072K)
 Metaspace       used 62763K, committed 63360K, reserved 1114112K
  class space    used 8637K, committed 8896K, reserved 1048576K
}
Event: 13.416 GC heap after
{Heap after GC invocations=16 (full 0):
 garbage-first heap   total reserved 1533952K, committed 48128K, used 28498K [0x00000000a2600000, 0x0000000100000000)
  region size 1024K, 2 young (2048K), 2 survivors (2048K)
 Metaspace       used 62763K, committed 63360K, reserved 1114112K
  class space    used 8637K, committed 8896K, reserved 1048576K
}
Event: 26.641 GC heap before
{Heap before GC invocations=17 (full 0):
 garbage-first heap   total reserved 1533952K, committed 48128K, used 41810K [0x00000000a2600000, 0x0000000100000000)
  region size 1024K, 16 young (16384K), 2 survivors (2048K)
 Metaspace       used 65648K, committed 66304K, reserved 1114112K
  class space    used 9016K, committed 9280K, reserved 1048576K
}
Event: 26.654 GC heap after
{Heap after GC invocations=18 (full 0):
 garbage-first heap   total reserved 1533952K, committed 48128K, used 30005K [0x00000000a2600000, 0x0000000100000000)
  region size 1024K, 2 young (2048K), 2 survivors (2048K)
 Metaspace       used 65648K, committed 66304K, reserved 1114112K
  class space    used 9016K, committed 9280K, reserved 1048576K
}
Event: 101.641 GC heap before
{Heap before GC invocations=18 (full 0):
 garbage-first heap   total reserved 1533952K, committed 48128K, used 41269K [0x00000000a2600000, 0x0000000100000000)
  region size 1024K, 14 young (14336K), 2 survivors (2048K)
 Metaspace       used 68980K, committed 69696K, reserved 1114112K
  class space    used 9479K, committed 9792K, reserved 1048576K
}
Event: 101.649 GC heap after
{Heap after GC invocations=19 (full 0):
 garbage-first heap   total reserved 1533952K, committed 48128K, used 30081K [0x00000000a2600000, 0x0000000100000000)
  region size 1024K, 1 young (1024K), 1 survivors (1024K)
 Metaspace       used 68980K, committed 69696K, reserved 1114112K
  class space    used 9479K, committed 9792K, reserved 1048576K
}
Event: 1516.754 GC heap before
{Heap before GC invocations=19 (full 0):
 garbage-first heap   total reserved 1533952K, committed 48128K, used 42369K [0x00000000a2600000, 0x0000000100000000)
  region size 1024K, 14 young (14336K), 1 survivors (1024K)
 Metaspace       used 69941K, committed 70592K, reserved 1114112K
  class space    used 9567K, committed 9856K, reserved 1048576K
}
Event: 1516.797 GC heap after
{Heap after GC invocations=20 (full 0):
 garbage-first heap   total reserved 1533952K, committed 48128K, used 30597K [0x00000000a2600000, 0x0000000100000000)
  region size 1024K, 2 young (2048K), 2 survivors (2048K)
 Metaspace       used 69941K, committed 70592K, reserved 1114112K
  class space    used 9567K, committed 9856K, reserved 1048576K
}
Event: 1648.347 GC heap before
{Heap before GC invocations=21 (full 0):
 garbage-first heap   total reserved 1533952K, committed 53248K, used 39813K [0x00000000a2600000, 0x0000000100000000)
  region size 1024K, 12 young (12288K), 2 survivors (2048K)
 Metaspace       used 69754K, committed 70656K, reserved 1114112K
  class space    used 9488K, committed 9856K, reserved 1048576K
}
Event: 1648.364 GC heap after
{Heap after GC invocations=22 (full 0):
 garbage-first heap   total reserved 1533952K, committed 53248K, used 30931K [0x00000000a2600000, 0x0000000100000000)
  region size 1024K, 1 young (1024K), 1 survivors (1024K)
 Metaspace       used 69754K, committed 70656K, reserved 1114112K
  class space    used 9488K, committed 9856K, reserved 1048576K
}

Dll operation events (14 events):
Event: 0.025 Loaded shared library C:\Users\Khaja Hussain\.jdks\openjdk-23\bin\java.dll
Event: 0.090 Loaded shared library C:\Users\Khaja Hussain\.jdks\openjdk-23\bin\jsvml.dll
Event: 0.306 Loaded shared library C:\Users\Khaja Hussain\.jdks\openjdk-23\bin\zip.dll
Event: 0.314 Loaded shared library C:\Users\Khaja Hussain\.jdks\openjdk-23\bin\instrument.dll
Event: 0.328 Loaded shared library C:\Users\Khaja Hussain\.jdks\openjdk-23\bin\net.dll
Event: 0.332 Loaded shared library C:\Users\Khaja Hussain\.jdks\openjdk-23\bin\nio.dll
Event: 0.340 Loaded shared library C:\Users\Khaja Hussain\.jdks\openjdk-23\bin\zip.dll
Event: 0.523 Loaded shared library C:\Program Files\JetBrains\IntelliJ IDEA Community Edition 2024.1.4\bin\breakgen64.dll
Event: 0.544 Loaded shared library C:\Users\Khaja Hussain\.jdks\openjdk-23\bin\extnet.dll
Event: 0.632 Loaded shared library C:\Users\Khaja Hussain\.jdks\openjdk-23\bin\jimage.dll
Event: 1.288 Loaded shared library C:\Users\Khaja Hussain\.jdks\openjdk-23\bin\management.dll
Event: 1.299 Loaded shared library C:\Users\Khaja Hussain\.jdks\openjdk-23\bin\management_ext.dll
Event: 3.507 Loaded shared library C:\Users\Khaja Hussain\.jdks\openjdk-23\bin\sunmscapi.dll
Event: 7.630 Loaded shared library C:\Users\Khaja Hussain\.jdks\openjdk-23\bin\verify.dll

Deoptimization events (20 events):
Event: 1533.278 Thread 0x000001b478f994c0 DEOPT PACKING pc=0x000001b41c1c1dc1 sp=0x0000009f2a0fe760
Event: 1533.278 Thread 0x000001b478f994c0 DEOPT UNPACKING pc=0x000001b422ed4b22 sp=0x0000009f2a0fdbd0 mode 0
Event: 1535.151 Thread 0x000001b478f97a80 DEOPT PACKING pc=0x000001b41c1c1dc1 sp=0x0000009f2d2fe250
Event: 1535.151 Thread 0x000001b478f97a80 DEOPT UNPACKING pc=0x000001b422ed4b22 sp=0x0000009f2d2fd6c0 mode 0
Event: 1535.156 Thread 0x000001b478f97a80 Uncommon trap: trap_request=0xffffff54 fr.pc=0x000001b42354cc48 relative=0x0000000000000488
Event: 1535.156 Thread 0x000001b478f97a80 Uncommon trap: reason=speculate_null_assert action=make_not_entrant pc=0x000001b42354cc48 method=org.springframework.util.ConcurrentReferenceHashMap$Segment.restructureIfNecessary(Z)V @ 41 c2
Event: 1535.156 Thread 0x000001b478f97a80 DEOPT PACKING pc=0x000001b42354cc48 sp=0x0000009f2d2fd230
Event: 1535.156 Thread 0x000001b478f97a80 DEOPT UNPACKING pc=0x000001b422ed4402 sp=0x0000009f2d2fd068 mode 2
Event: 1536.014 Thread 0x000001b478f94600 DEOPT PACKING pc=0x000001b41c1c1dc1 sp=0x0000009f2d3fdf10
Event: 1536.014 Thread 0x000001b478f94600 DEOPT UNPACKING pc=0x000001b422ed4b22 sp=0x0000009f2d3fd380 mode 0
Event: 1536.030 Thread 0x000001b478f94600 DEOPT PACKING pc=0x000001b41ba038f8 sp=0x0000009f2d3fd5b0
Event: 1536.030 Thread 0x000001b478f94600 DEOPT UNPACKING pc=0x000001b422ed4b22 sp=0x0000009f2d3fca48 mode 0
Event: 1536.356 Thread 0x000001b478f98110 DEOPT PACKING pc=0x000001b41c1c1dc1 sp=0x0000009f2d4fe3b0
Event: 1536.356 Thread 0x000001b478f98110 DEOPT UNPACKING pc=0x000001b422ed4b22 sp=0x0000009f2d4fd820 mode 0
Event: 1537.703 Thread 0x000001b478f959b0 DEOPT PACKING pc=0x000001b41bf9987d sp=0x0000009f2cefda70
Event: 1537.703 Thread 0x000001b478f959b0 DEOPT UNPACKING pc=0x000001b422ed4b22 sp=0x0000009f2cefcf98 mode 0
Event: 1712.617 Thread 0x000001b4766745f0 Uncommon trap: trap_request=0xfffffff4 fr.pc=0x000001b4235f405c relative=0x0000000000007dfc
Event: 1712.618 Thread 0x000001b4766745f0 Uncommon trap: reason=null_check action=make_not_entrant pc=0x000001b4235f405c method=java.util.jar.JarFile.getManifestFromReference()Ljava/util/jar/Manifest; @ 14 c2
Event: 1712.618 Thread 0x000001b4766745f0 DEOPT PACKING pc=0x000001b4235f405c sp=0x0000009f2cafcb40
Event: 1712.619 Thread 0x000001b4766745f0 DEOPT UNPACKING pc=0x000001b422ed4402 sp=0x0000009f2cafca10 mode 2

Classes loaded (20 events):
Event: 37.498 Loading class java/util/stream/ReferencePipeline$4$1
Event: 37.498 Loading class java/util/stream/ReferencePipeline$4$1 done
Event: 37.518 Loading class java/lang/Throwable$WrappedPrintWriter
Event: 37.519 Loading class java/lang/Throwable$PrintStreamOrWriter
Event: 37.519 Loading class java/lang/Throwable$PrintStreamOrWriter done
Event: 37.519 Loading class java/lang/Throwable$WrappedPrintWriter done
Event: 101.544 Loading class java/util/regex/Pattern$Bound
Event: 101.545 Loading class java/util/regex/Pattern$Bound done
Event: 101.654 Loading class java/lang/invoke/WrongMethodTypeException
Event: 101.655 Loading class java/lang/invoke/WrongMethodTypeException done
Event: 1419.728 Loading class sun/security/ssl/Alert
Event: 1419.810 Loading class sun/security/ssl/Alert done
Event: 1419.828 Loading class sun/security/ssl/Alert$AlertConsumer
Event: 1419.844 Loading class sun/security/ssl/Alert$AlertConsumer done
Event: 1419.844 Loading class sun/security/ssl/Alert$Level
Event: 1419.847 Loading class sun/security/ssl/Alert$Level done
Event: 1419.865 Loading class sun/net/ConnectionResetException
Event: 1419.870 Loading class sun/net/ConnectionResetException done
Event: 1466.099 Loading class java/lang/invoke/MethodHandleImpl$CountingWrapper$1
Event: 1466.102 Loading class java/lang/invoke/MethodHandleImpl$CountingWrapper$1 done

Classes unloaded (20 events):
Event: 1516.905 Thread 0x000001b42f92ba10 Unloading class 0x000001b431093400 'java/lang/invoke/LambdaForm$MH+0x000001b431093400'
Event: 1516.905 Thread 0x000001b42f92ba10 Unloading class 0x000001b431092000 'java/lang/invoke/LambdaForm$MH+0x000001b431092000'
Event: 1516.905 Thread 0x000001b42f92ba10 Unloading class 0x000001b43103c000 'java/lang/invoke/LambdaForm$MH+0x000001b43103c000'
Event: 1516.905 Thread 0x000001b42f92ba10 Unloading class 0x000001b43101b400 'java/lang/invoke/LambdaForm$MH+0x000001b43101b400'
Event: 1516.906 Thread 0x000001b42f92ba10 Unloading class 0x000001b43101ac00 'java/lang/invoke/LambdaForm$MH+0x000001b43101ac00'
Event: 1516.906 Thread 0x000001b42f92ba10 Unloading class 0x000001b43101a400 'java/lang/invoke/LambdaForm$MH+0x000001b43101a400'
Event: 1516.906 Thread 0x000001b42f92ba10 Unloading class 0x000001b431019000 'java/lang/invoke/LambdaForm$MH+0x000001b431019000'
Event: 1516.906 Thread 0x000001b42f92ba10 Unloading class 0x000001b431018400 'java/lang/invoke/LambdaForm$MH+0x000001b431018400'
Event: 1516.906 Thread 0x000001b42f92ba10 Unloading class 0x000001b431018000 'java/lang/invoke/LambdaForm$MH+0x000001b431018000'
Event: 1516.906 Thread 0x000001b42f92ba10 Unloading class 0x000001b431017800 'java/lang/invoke/LambdaForm$MH+0x000001b431017800'
Event: 1516.906 Thread 0x000001b42f92ba10 Unloading class 0x000001b431017400 'java/lang/invoke/LambdaForm$MH+0x000001b431017400'
Event: 1516.906 Thread 0x000001b42f92ba10 Unloading class 0x000001b431017000 'java/lang/invoke/LambdaForm$MH+0x000001b431017000'
Event: 1516.906 Thread 0x000001b42f92ba10 Unloading class 0x000001b431016000 'java/lang/invoke/LambdaForm$MH+0x000001b431016000'
Event: 1516.906 Thread 0x000001b42f92ba10 Unloading class 0x000001b431015000 'java/lang/invoke/LambdaForm$MH+0x000001b431015000'
Event: 1516.906 Thread 0x000001b42f92ba10 Unloading class 0x000001b431014800 'java/lang/invoke/LambdaForm$MH+0x000001b431014800'
Event: 1516.906 Thread 0x000001b42f92ba10 Unloading class 0x000001b431014000 'java/lang/invoke/LambdaForm$MH+0x000001b431014000'
Event: 1516.906 Thread 0x000001b42f92ba10 Unloading class 0x000001b431002000 'java/lang/invoke/LambdaForm$MH+0x000001b431002000'
Event: 1516.907 Thread 0x000001b42f92ba10 Unloading class 0x000001b431001c00 'java/lang/invoke/LambdaForm$MH+0x000001b431001c00'
Event: 1516.907 Thread 0x000001b42f92ba10 Unloading class 0x000001b431001800 'java/lang/invoke/LambdaForm$MH+0x000001b431001800'
Event: 1516.907 Thread 0x000001b42f92ba10 Unloading class 0x000001b431001000 'java/lang/invoke/LambdaForm$MH+0x000001b431001000'

Classes redefined (0 events):
No events

Internal exceptions (20 events):
Event: 13.539 Thread 0x000001b475571ef0 Exception <a 'java/lang/IncompatibleClassChangeError'{0x00000000a55df558}: Found class java.lang.Object, but interface was expected> (0x00000000a55df558) 
thrown [s\open\src\hotspot\share\interpreter\linkResolver.cpp, line 863]
Event: 13.555 Thread 0x000001b475571ef0 Implicit null exception at 0x000001b42352ac22 to 0x000001b42352ac98
Event: 13.753 Thread 0x000001b475571ef0 Exception <a 'java/lang/NoSuchMethodError'{0x00000000a505c488}: 'java.lang.Object java.lang.invoke.DirectMethodHandle$Holder.newInvokeSpecial(java.lang.Object, java.lang.Object, int, java.lang.Object, java.lang.Object)'> (0x00000000a505c488) 
thrown [s\open\src\hotspot\share\interpreter\linkResolver.cpp, line 796]
Event: 26.323 Thread 0x000001b478f987a0 Exception <a 'java/lang/NoSuchMethodError'{0x00000000a4b12600}: 'java.lang.Object java.lang.invoke.DirectMethodHandle$Holder.invokeStatic(java.lang.Object, java.lang.Object, java.lang.Object, int, int)'> (0x00000000a4b12600) 
thrown [s\open\src\hotspot\share\interpreter\linkResolver.cpp, line 796]
Event: 26.324 Thread 0x000001b478f987a0 Exception <a 'java/lang/NoSuchMethodError'{0x00000000a4b15fc0}: 'java.lang.Object java.lang.invoke.DirectMethodHandle$Holder.invokeStaticInit(java.lang.Object, java.lang.Object, java.lang.Object, int, int)'> (0x00000000a4b15fc0) 
thrown [s\open\src\hotspot\share\interpreter\linkResolver.cpp, line 796]
Event: 26.421 Thread 0x000001b4766745f0 Exception <a 'java/lang/NoSuchMethodError'{0x00000000a4a56f28}: 'java.lang.Object java.lang.invoke.DirectMethodHandle$Holder.invokeSpecial(java.lang.Object, java.lang.Object, java.lang.Object, java.lang.Object, java.lang.Object, long)'> (0x00000000a4a56f28) 
thrown [s\open\src\hotspot\share\interpreter\linkResolver.cpp, line 796]
Event: 26.422 Thread 0x000001b4766745f0 Exception <a 'java/lang/NoSuchMethodError'{0x00000000a4a5a6b8}: 'java.lang.Object java.lang.invoke.Invokers$Holder.linkToTargetMethod(java.lang.Object, java.lang.Object, java.lang.Object, long, java.lang.Object)'> (0x00000000a4a5a6b8) 
thrown [s\open\src\hotspot\share\interpreter\linkResolver.cpp, line 796]
Event: 37.456 Thread 0x000001b478f96d60 Exception <a 'java/lang/NoSuchMethodError'{0x00000000a5416d18}: 'java.lang.Object java.lang.invoke.DirectMethodHandle$Holder.invokeStatic(java.lang.Object, int, int)'> (0x00000000a5416d18) 
thrown [s\open\src\hotspot\share\interpreter\linkResolver.cpp, line 796]
Event: 101.413 Thread 0x000001b478f94600 Exception <a 'java/lang/NoSuchMethodError'{0x00000000a4b1aff8}: 'java.lang.Object java.lang.invoke.DirectMethodHandle$Holder.invokeInterface(java.lang.Object, java.lang.Object, java.lang.Object, java.lang.Object)'> (0x00000000a4b1aff8) 
thrown [s\open\src\hotspot\share\interpreter\linkResolver.cpp, line 796]
Event: 101.438 Thread 0x000001b478f94600 Exception <a 'java/lang/IncompatibleClassChangeError'{0x00000000a4b963d8}: Found class java.lang.Object, but interface was expected> (0x00000000a4b963d8) 
thrown [s\open\src\hotspot\share\interpreter\linkResolver.cpp, line 863]
Event: 101.710 Thread 0x000001b478f94600 Implicit null exception at 0x000001b4235d1d51 to 0x000001b4235d2088
Event: 101.839 Thread 0x000001b478f94600 Exception <a 'java/net/SocketException'{0x00000000a54aa698}: Connection reset by peer: shutdown> (0x00000000a54aa698) 
thrown [s\open\src\hotspot\share\prims\jni.cpp, line 539]
Event: 101.894 Thread 0x000001b478f98110 Exception <a 'java/io/IOException'{0x00000000a5337290}> (0x00000000a5337290) 
thrown [s\open\src\hotspot\share\prims\jni.cpp, line 520]
Event: 101.901 Thread 0x000001b478f98110 Exception <a 'java/io/IOException'{0x00000000a5348320}> (0x00000000a5348320) 
thrown [s\open\src\hotspot\share\prims\jni.cpp, line 520]
Event: 101.936 Thread 0x000001b4766745f0 Exception <a 'java/io/IOException'{0x00000000a53d8e80}> (0x00000000a53d8e80) 
thrown [s\open\src\hotspot\share\prims\jni.cpp, line 520]
Event: 1419.854 Thread 0x000001b478f98e30 Exception <a 'java/io/IOException'{0x00000000a4b088d8}> (0x00000000a4b088d8) 
thrown [s\open\src\hotspot\share\prims\jni.cpp, line 520]
Event: 1419.865 Thread 0x000001b478f98e30 Exception <a 'java/io/IOException'{0x00000000a4b09d38}> (0x00000000a4b09d38) 
thrown [s\open\src\hotspot\share\prims\jni.cpp, line 520]
Event: 1478.778 Thread 0x000001b478f98e30 Exception <a 'java/io/IOException'{0x00000000a4908ae0}> (0x00000000a4908ae0) 
thrown [s\open\src\hotspot\share\prims\jni.cpp, line 520]
Event: 1478.778 Thread 0x000001b478f98e30 Exception <a 'java/io/IOException'{0x00000000a4909748}> (0x00000000a4909748) 
thrown [s\open\src\hotspot\share\prims\jni.cpp, line 520]
Event: 1712.617 Thread 0x000001b4766745f0 Implicit null exception at 0x000001b4235ec7b7 to 0x000001b4235f4040

VM Operations (20 events):
Event: 26.641 Executing VM operation: G1CollectForAllocation (G1 Evacuation Pause)
Event: 26.654 Executing VM operation: G1CollectForAllocation (G1 Evacuation Pause) done
Event: 26.701 Executing VM operation: HandshakeAllThreads (Deoptimize)
Event: 26.701 Executing VM operation: HandshakeAllThreads (Deoptimize) done
Event: 60.117 Executing VM operation: HandshakeAllThreads (HandshakeForDeflation)
Event: 60.117 Executing VM operation: HandshakeAllThreads (HandshakeForDeflation) done
Event: 60.117 Executing VM operation: RendezvousGCThreads
Event: 60.117 Executing VM operation: RendezvousGCThreads done
Event: 101.641 Executing VM operation: G1CollectForAllocation (G1 Evacuation Pause)
Event: 101.649 Executing VM operation: G1CollectForAllocation (G1 Evacuation Pause) done
Event: 101.772 Executing VM operation: HandshakeAllThreads (Deoptimize)
Event: 101.772 Executing VM operation: HandshakeAllThreads (Deoptimize) done
Event: 1516.752 Executing VM operation: G1CollectForAllocation (G1 Evacuation Pause)
Event: 1516.798 Executing VM operation: G1CollectForAllocation (G1 Evacuation Pause) done
Event: 1516.888 Executing VM operation: G1PauseRemark
Event: 1517.236 Executing VM operation: G1PauseRemark done
Event: 1517.285 Executing VM operation: G1PauseCleanup
Event: 1517.286 Executing VM operation: G1PauseCleanup done
Event: 1648.283 Executing VM operation: G1CollectForAllocation (G1 Evacuation Pause)
Event: 1648.364 Executing VM operation: G1CollectForAllocation (G1 Evacuation Pause) done

Memory protections (0 events):
No events

Nmethod flushes (20 events):
Event: 1517.169 Thread 0x000001b42f92ba10 flushing  nmethod 0x000001b41b9f3408
Event: 1517.169 Thread 0x000001b42f92ba10 flushing  nmethod 0x000001b41b9f4b08
Event: 1517.169 Thread 0x000001b42f92ba10 flushing  nmethod 0x000001b41ba48888
Event: 1517.169 Thread 0x000001b42f92ba10 flushing  nmethod 0x000001b41bae8308
Event: 1517.169 Thread 0x000001b42f92ba10 flushing  nmethod 0x000001b41bb54788
Event: 1517.170 Thread 0x000001b42f92ba10 flushing  nmethod 0x000001b41bb55088
Event: 1517.170 Thread 0x000001b42f92ba10 flushing  nmethod 0x000001b41bcb0d08
Event: 1517.170 Thread 0x000001b42f92ba10 flushing  nmethod 0x000001b41bda5308
Event: 1517.171 Thread 0x000001b42f92ba10 flushing  nmethod 0x000001b41c0e1108
Event: 1517.171 Thread 0x000001b42f92ba10 flushing  nmethod 0x000001b423426f08
Event: 1517.171 Thread 0x000001b42f92ba10 flushing  nmethod 0x000001b42358a888
Event: 1517.172 Thread 0x000001b42f92ba10 flushing  nmethod 0x000001b41b957e08
Event: 1517.172 Thread 0x000001b42f92ba10 flushing  nmethod 0x000001b41b9ab408
Event: 1517.172 Thread 0x000001b42f92ba10 flushing  nmethod 0x000001b41b9d8888
Event: 1517.172 Thread 0x000001b42f92ba10 flushing  nmethod 0x000001b41bb03588
Event: 1517.172 Thread 0x000001b42f92ba10 flushing  nmethod 0x000001b41bb04c08
Event: 1517.173 Thread 0x000001b42f92ba10 flushing  nmethod 0x000001b41bb29888
Event: 1517.173 Thread 0x000001b42f92ba10 flushing  nmethod 0x000001b41bca0e08
Event: 1517.173 Thread 0x000001b42f92ba10 flushing  nmethod 0x000001b41bca1508
Event: 1517.173 Thread 0x000001b42f92ba10 flushing  nmethod 0x000001b41bec0408

Events (20 events):
Event: 1512.372 Thread 0x000001b478f98e30 Thread exited: 0x000001b478f98e30
Event: 1512.468 Thread 0x000001b478f994c0 Thread exited: 0x000001b478f994c0
Event: 1533.239 Thread 0x000001b476672520 Thread added: 0x000001b478f98e30
Event: 1533.243 Thread 0x000001b478f98e30 Thread added: 0x000001b478f994c0
Event: 1538.247 Thread 0x000001b478f98e30 Thread exited: 0x000001b478f98e30
Event: 1538.322 Thread 0x000001b478f994c0 Thread exited: 0x000001b478f994c0
Event: 1565.051 Thread 0x000001b476672520 Thread added: 0x000001b478f98e30
Event: 1565.110 Thread 0x000001b478f98e30 Thread added: 0x000001b478f994c0
Event: 1570.121 Thread 0x000001b478f98e30 Thread exited: 0x000001b478f98e30
Event: 1570.201 Thread 0x000001b478f994c0 Thread exited: 0x000001b478f994c0
Event: 1578.959 Thread 0x000001b476672520 Thread added: 0x000001b478f98e30
Event: 1578.962 Thread 0x000001b478f98e30 Thread added: 0x000001b478f994c0
Event: 1583.970 Thread 0x000001b478f98e30 Thread exited: 0x000001b478f98e30
Event: 1584.111 Thread 0x000001b478f994c0 Thread exited: 0x000001b478f994c0
Event: 1792.977 Thread 0x000001b476672520 Thread added: 0x000001b478f98e30
Event: 1793.011 Thread 0x000001b478f98e30 Thread added: 0x000001b478f994c0
Event: 1798.025 Thread 0x000001b478f98e30 Thread exited: 0x000001b478f98e30
Event: 1798.489 Thread 0x000001b478f994c0 Thread exited: 0x000001b478f994c0
Event: 1800.965 Thread 0x000001b476672520 Thread added: 0x000001b478f98e30
Event: 1800.971 Thread 0x000001b478f98e30 Thread added: 0x000001b478f994c0


Dynamic libraries:
0x00007ff710af0000 - 0x00007ff710afe000 	C:\Users\Khaja Hussain\.jdks\openjdk-23\bin\java.exe
0x00007ffde6680000 - 0x00007ffde68e7000 	C:\WINDOWS\SYSTEM32\ntdll.dll
0x00007ffde4ee0000 - 0x00007ffde4fa9000 	C:\WINDOWS\System32\KERNEL32.DLL
0x00007ffde3d10000 - 0x00007ffde4100000 	C:\WINDOWS\System32\KERNELBASE.dll
0x00007ffde42c0000 - 0x00007ffde440b000 	C:\WINDOWS\System32\ucrtbase.dll
0x00007ffdd8830000 - 0x00007ffdd884b000 	C:\Users\Khaja Hussain\.jdks\openjdk-23\bin\VCRUNTIME140.dll
0x00007ffdd8810000 - 0x00007ffdd8827000 	C:\Users\Khaja Hussain\.jdks\openjdk-23\bin\jli.dll
0x00007ffde5060000 - 0x00007ffde5225000 	C:\WINDOWS\System32\USER32.dll
0x00007ffde4110000 - 0x00007ffde4137000 	C:\WINDOWS\System32\win32u.dll
0x00007ffdc6650000 - 0x00007ffdc68ea000 	C:\WINDOWS\WinSxS\amd64_microsoft.windows.common-controls_6595b64144ccf1df_6.0.26100.4768_none_3e0c112ce331287c\COMCTL32.dll
0x00007ffde5ba0000 - 0x00007ffde5bcb000 	C:\WINDOWS\System32\GDI32.dll
0x00007ffde4520000 - 0x00007ffde45c9000 	C:\WINDOWS\System32\msvcrt.dll
0x00007ffde37b0000 - 0x00007ffde38e8000 	C:\WINDOWS\System32\gdi32full.dll
0x00007ffde3ba0000 - 0x00007ffde3c43000 	C:\WINDOWS\System32\msvcp_win.dll
0x00007ffde60b0000 - 0x00007ffde60df000 	C:\WINDOWS\System32\IMM32.DLL
0x00007ffdd9890000 - 0x00007ffdd989c000 	C:\Users\Khaja Hussain\.jdks\openjdk-23\bin\vcruntime140_1.dll
0x00007ffdd7db0000 - 0x00007ffdd7e3e000 	C:\Users\Khaja Hussain\.jdks\openjdk-23\bin\msvcp140.dll
0x00007ffd63290000 - 0x00007ffd63fdf000 	C:\Users\Khaja Hussain\.jdks\openjdk-23\bin\server\jvm.dll
0x00007ffde4e20000 - 0x00007ffde4ed4000 	C:\WINDOWS\System32\ADVAPI32.dll
0x00007ffde5230000 - 0x00007ffde52d6000 	C:\WINDOWS\System32\sechost.dll
0x00007ffde5da0000 - 0x00007ffde5eb8000 	C:\WINDOWS\System32\RPCRT4.dll
0x00007ffde6030000 - 0x00007ffde60a4000 	C:\WINDOWS\System32\WS2_32.dll
0x00007ffde3610000 - 0x00007ffde366e000 	C:\WINDOWS\SYSTEM32\POWRPROF.dll
0x00007ffddbd40000 - 0x00007ffddbd75000 	C:\WINDOWS\SYSTEM32\WINMM.dll
0x00007ffddcba0000 - 0x00007ffddcbab000 	C:\WINDOWS\SYSTEM32\VERSION.dll
0x00007ffde35f0000 - 0x00007ffde3604000 	C:\WINDOWS\SYSTEM32\UMPDC.dll
0x00007ffde2530000 - 0x00007ffde254b000 	C:\WINDOWS\SYSTEM32\kernel.appcore.dll
0x00007ffdd8410000 - 0x00007ffdd841a000 	C:\Users\Khaja Hussain\.jdks\openjdk-23\bin\jimage.dll
0x00007ffde0fa0000 - 0x00007ffde11e1000 	C:\WINDOWS\SYSTEM32\DBGHELP.DLL
0x00007ffde5810000 - 0x00007ffde5b95000 	C:\WINDOWS\System32\combase.dll
0x00007ffde5c60000 - 0x00007ffde5d40000 	C:\WINDOWS\System32\OLEAUT32.dll
0x00007ffdc6590000 - 0x00007ffdc65d3000 	C:\WINDOWS\SYSTEM32\dbgcore.DLL
0x00007ffde3b00000 - 0x00007ffde3b99000 	C:\WINDOWS\System32\bcryptPrimitives.dll
0x00007ffdd7e70000 - 0x00007ffdd7e7f000 	C:\Users\Khaja Hussain\.jdks\openjdk-23\bin\instrument.dll
0x00007ffdd83f0000 - 0x00007ffdd840e000 	C:\Users\Khaja Hussain\.jdks\openjdk-23\bin\java.dll
0x00007ffde5560000 - 0x00007ffde5700000 	C:\WINDOWS\System32\ole32.dll
0x00007ffde46d0000 - 0x00007ffde4e1d000 	C:\WINDOWS\System32\SHELL32.dll
0x00007ffde4140000 - 0x00007ffde42b3000 	C:\WINDOWS\System32\wintypes.dll
0x00007ffde13b0000 - 0x00007ffde1c0f000 	C:\WINDOWS\SYSTEM32\windows.storage.dll
0x00007ffde4410000 - 0x00007ffde4505000 	C:\WINDOWS\System32\SHCORE.dll
0x00007ffde5710000 - 0x00007ffde577a000 	C:\WINDOWS\System32\shlwapi.dll
0x00007ffde36d0000 - 0x00007ffde36f9000 	C:\WINDOWS\SYSTEM32\profapi.dll
0x00007ffdd7390000 - 0x00007ffdd7467000 	C:\Users\Khaja Hussain\.jdks\openjdk-23\bin\jsvml.dll
0x00007ffdd83a0000 - 0x00007ffdd83b7000 	C:\Users\Khaja Hussain\.jdks\openjdk-23\bin\zip.dll
0x00007ffdd83e0000 - 0x00007ffdd83f0000 	C:\Users\Khaja Hussain\.jdks\openjdk-23\bin\net.dll
0x00007ffde2ac0000 - 0x00007ffde2b2b000 	C:\WINDOWS\system32\mswsock.dll
0x00007ffdd83c0000 - 0x00007ffdd83d6000 	C:\Users\Khaja Hussain\.jdks\openjdk-23\bin\nio.dll
0x00007ffdd7d90000 - 0x00007ffdd7daa000 	C:\Program Files\JetBrains\IntelliJ IDEA Community Edition 2024.1.4\bin\breakgen64.dll
0x00007ffdd7d70000 - 0x00007ffdd7d79000 	C:\Users\Khaja Hussain\.jdks\openjdk-23\bin\extnet.dll
0x00007ffdd7e60000 - 0x00007ffdd7e6a000 	C:\Users\Khaja Hussain\.jdks\openjdk-23\bin\management.dll
0x00007ffdd7d80000 - 0x00007ffdd7d8b000 	C:\Users\Khaja Hussain\.jdks\openjdk-23\bin\management_ext.dll
0x00007ffde4510000 - 0x00007ffde4518000 	C:\WINDOWS\System32\PSAPI.DLL
0x00007ffdd7d40000 - 0x00007ffdd7d4e000 	C:\Users\Khaja Hussain\.jdks\openjdk-23\bin\sunmscapi.dll
0x00007ffde38f0000 - 0x00007ffde3a67000 	C:\WINDOWS\System32\CRYPT32.dll
0x00007ffde2fa0000 - 0x00007ffde2fd0000 	C:\WINDOWS\SYSTEM32\ncrypt.dll
0x00007ffde2f50000 - 0x00007ffde2f8f000 	C:\WINDOWS\SYSTEM32\NTASN1.dll
0x00007ffde2d90000 - 0x00007ffde2dab000 	C:\WINDOWS\SYSTEM32\CRYPTSP.dll
0x00007ffde2490000 - 0x00007ffde24cb000 	C:\WINDOWS\system32\rsaenh.dll
0x00007ffde2b60000 - 0x00007ffde2b8b000 	C:\WINDOWS\SYSTEM32\USERENV.dll
0x00007ffde36a0000 - 0x00007ffde36c6000 	C:\WINDOWS\SYSTEM32\bcrypt.dll
0x00007ffde2d80000 - 0x00007ffde2d8c000 	C:\WINDOWS\SYSTEM32\CRYPTBASE.dll
0x00007ffde1f20000 - 0x00007ffde1f53000 	C:\WINDOWS\SYSTEM32\IPHLPAPI.DLL
0x00007ffde60f0000 - 0x00007ffde60fa000 	C:\WINDOWS\System32\NSI.dll
0x00007ffdd7b10000 - 0x00007ffdd7b20000 	C:\Users\Khaja Hussain\.jdks\openjdk-23\bin\verify.dll
0x00007ffde1fb0000 - 0x00007ffde20d6000 	C:\WINDOWS\SYSTEM32\DNSAPI.dll
0x00007ffdcc8b0000 - 0x00007ffdcc8bb000 	C:\Windows\System32\rasadhlp.dll
0x00007ffdd9320000 - 0x00007ffdd93a6000 	C:\WINDOWS\System32\fwpuclnt.dll
0x00007ffdd36d0000 - 0x00007ffdd36d8000 	C:\WINDOWS\system32\wshunix.dll

dbghelp: loaded successfully - version: 4.0.5 - missing functions: none
symbol engine: initialized successfully - sym options: 0x614 - pdb path: .;C:\Users\Khaja Hussain\.jdks\openjdk-23\bin;C:\WINDOWS\SYSTEM32;C:\WINDOWS\WinSxS\amd64_microsoft.windows.common-controls_6595b64144ccf1df_6.0.26100.4768_none_3e0c112ce331287c;C:\Users\Khaja Hussain\.jdks\openjdk-23\bin\server;C:\Program Files\JetBrains\IntelliJ IDEA Community Edition 2024.1.4\bin

VM Arguments:
jvm_args: -javaagent:C:\Program Files\JetBrains\IntelliJ IDEA Community Edition 2024.1.4\lib\idea_rt.jar=60050:C:\Program Files\JetBrains\IntelliJ IDEA Community Edition 2024.1.4\bin -Dfile.encoding=UTF-8 -Dsun.stdout.encoding=UTF-8 -Dsun.stderr.encoding=UTF-8 
java_command: com.khs48.ecom_project.EcomProjectApplication
java_class_path (initial): C:\Users\Khaja Hussain\Downloads\ecom-project\ecom-project\target\classes;C:\Users\Khaja Hussain\.m2\repository\org\springframework\boot\spring-boot-starter-data-jpa\3.5.4\spring-boot-starter-data-jpa-3.5.4.jar;C:\Users\Khaja Hussain\.m2\repository\org\springframework\boot\spring-boot-starter\3.5.4\spring-boot-starter-3.5.4.jar;C:\Users\Khaja Hussain\.m2\repository\org\springframework\boot\spring-boot-starter-logging\3.5.4\spring-boot-starter-logging-3.5.4.jar;C:\Users\Khaja Hussain\.m2\repository\ch\qos\logback\logback-classic\1.5.18\logback-classic-1.5.18.jar;C:\Users\Khaja Hussain\.m2\repository\ch\qos\logback\logback-core\1.5.18\logback-core-1.5.18.jar;C:\Users\Khaja Hussain\.m2\repository\org\apache\logging\log4j\log4j-to-slf4j\2.24.3\log4j-to-slf4j-2.24.3.jar;C:\Users\Khaja Hussain\.m2\repository\org\apache\logging\log4j\log4j-api\2.24.3\log4j-api-2.24.3.jar;C:\Users\Khaja Hussain\.m2\repository\org\slf4j\jul-to-slf4j\2.0.17\jul-to-slf4j-2.0.17.jar;C:\Users\Khaja Hussain\.m2\repository\jakarta\annotation\jakarta.annotation-api\2.1.1\jakarta.annotation-api-2.1.1.jar;C:\Users\Khaja Hussain\.m2\repository\org\yaml\snakeyaml\2.4\snakeyaml-2.4.jar;C:\Users\Khaja Hussain\.m2\repository\org\springframework\boot\spring-boot-starter-jdbc\3.5.4\spring-boot-starter-jdbc-3.5.4.jar;C:\Users\Khaja Hussain\.m2\repository\com\zaxxer\HikariCP\6.3.1\HikariCP-6.3.1.jar;C:\Users\Khaja Hussain\.m2\repository\org\springframework\spring-jdbc\6.2.9\spring-jdbc-6.2.9.jar;C:\Users\Khaja Hussain\.m2\repository\org\hibernate\orm\hibernate-core\6.6.22.Final\hibernate-core-6.6.22.Final.jar;C:\Users\Khaja Hussain\.m2\repository\jakarta\persistence\jakarta.persistence-api\3.1.0\jakarta.persistence-api-3.1.0.jar;C:\Users\Khaja Hussain\.m2\repository\jakarta\transaction\jakarta.transaction-api\2.0.1\jakarta.transaction-api-2.0.1.jar;C:\Users\Khaja Hussain\.m2\repository\org\jboss\logging\jboss-logging\3.6.1.Final\jboss-logging-3.6.1.Final.jar;C:\Users\Khaja Hussain\.m2\repository\org\hibernate\common\hibernate-commons-annotations\7.0.3.Final\hibernate-commons-annotations-7.0.3.Final.jar;C:\Users\Khaja Hussain\.m2\repository\io\smallrye\jandex\3.2.0\jandex-3.2.0.jar;C:\Users\Khaja Hussain\.m2\repository\com\fasterxml\classmate\1.7.0\classmate-1.7.0.jar;C:\Users\Khaja Hussain\.m2\repository\net\bytebuddy\byte-buddy\1.17.6\byte-buddy-1.17.6.jar;C:\Users\Khaja Hussain\.m2\repository\org\glassfish\jaxb\jaxb-runtime\4.0.5\jaxb-runtime-4.0.5.jar;C:\Users\Khaja Hussain\.m2\repository\org\glassfish\jaxb\jaxb-core\4.0.5\jaxb-core-4.0.5.jar;C:\Users\Khaja Hussain\.m2\repository\org\eclipse\angus\angus-activation\2.0.2\angus-activation-2.0.2.jar;C:\Users\Khaja Hussain\.m2\repository\org\glassfish\jaxb\txw2\4.0.5\txw2-4.0.5.jar;C:\Users\Khaja Hussain\.m2\repository\com\sun\istack\istack-commons-runtime\4.1.2\istack-commons-runtime-4.1.2.jar;C:\Users\Khaja Hussain\.m2\repository\jakarta\inject\jakarta.inject-api\2.0.1\jakarta.inject-api-2.0.1.jar;C:\Users\Khaja Hussain\.m2\repository\org\antlr\antlr4-runtime\4.13.0\antlr4-runtime-4.13.0.jar;C:\Users\Khaja Hussain\.m2\repository\org\springframework\data\spring-data-jpa\3.5.2\spring-data-jpa-3.5.2.jar;C:\Users\Khaja Hussain\.m2\repository\org\springframework\data\spring-data-commons\3.5.2\spring-data-commons-3.5.2.jar;C:\Users\Khaja Hussain\.m2\repository\org\springframework\spring-orm\6.2.9\spring-orm-6.2.9.jar;C:\Users\Khaja Hussain\.m2\repository\org\springframework\spring-context\6.2.9\spring-context-6.2.9.jar;C:\Users\Khaja Hussain\.m2\repository\org\springframework\spring-aop\6.2.9\spring-aop-6.2.9.jar;C:\Users\Khaja Hussain\.m2\repository\org\springframework\spring-tx\6.2.9\spring-tx-6.2.9.jar;C:\Users\Khaja Hussain\.m2\repository\org\springframework\spring-beans\6.2.9\spring-beans-6.2.9.jar;C:\Users\Khaja Hussain\.m2\repository\org\slf4j\slf4j-api\2.0.17\slf4j-api-2.0.17.jar;C:\Users\Khaja Hussain\.m2\repository\org\springframework\spring-aspects\6.2.9\spring-aspects-6.2.9.jar;C:\Users\Khaja Hussain\.m2\repository\org\aspectj\aspectjweaver\1.9.24\aspectjweaver-1.9.24.jar;C:\Users\Khaja Hussain\.m2\repository\org\springframework\boot\spring-boot-starter-web\3.5.4\spring-boot-starter-web-3.5.4.jar;C:\Users\Khaja Hussain\.m2\repository\org\springframework\boot\spring-boot-starter-json\3.5.4\spring-boot-starter-json-3.5.4.jar;C:\Users\Khaja Hussain\.m2\repository\com\fasterxml\jackson\core\jackson-databind\2.19.2\jackson-databind-2.19.2.jar;C:\Users\Khaja Hussain\.m2\repository\com\fasterxml\jackson\core\jackson-annotations\2.19.2\jackson-annotations-2.19.2.jar;C:\Users\Khaja Hussain\.m2\repository\com\fasterxml\jackson\core\jackson-core\2.19.2\jackson-core-2.19.2.jar;C:\Users\Khaja Hussain\.m2\repository\com\fasterxml\jackson\datatype\jackson-datatype-jdk8\2.19.2\jackson-datatype-jdk8-2.19.2.jar;C:\Users\Khaja Hussain\.m2\repository\com\fasterxml\jackson\datatype\jackson-datatype-jsr310\2.19.2\jackson-datatype-jsr310-2.19.2.jar;C:\Users\Khaja Hussain\.m2\repository\com\fasterxml\jackson\module\jackson-module-parameter-names\2.19.2\jackson-module-parameter-names-2.19.2.jar;C:\Users\Khaja Hussain\.m2\repository\org\springframework\boot\spring-boot-starter-tomcat\3.5.4\spring-boot-starter-tomcat-3.5.4.jar;C:\Users\Khaja Hussain\.m2\repository\org\apache\tomcat\embed\tomcat-embed-core\10.1.43\tomcat-embed-core-10.1.43.jar;C:\Users\Khaja Hussain\.m2\repository\org\apache\tomcat\embed\tomcat-embed-el\10.1.43\tomcat-embed-el-10.1.43.jar;C:\Users\Khaja Hussain\.m2\repository\org\apache\tomcat\embed\tomcat-embed-websocket\10.1.43\tomcat-embed-websocket-10.1.43.jar;C:\Users\Khaja Hussain\.m2\repository\org\springframework\spring-web\6.2.9\spring-web-6.2.9.jar;C:\Users\Khaja Hussain\.m2\repository\io\micrometer\micrometer-observation\1.15.2\micrometer-observation-1.15.2.jar;C:\Users\Khaja Hussain\.m2\repository\io\micrometer\micrometer-commons\1.15.2\micrometer-commons-1.15.2.jar;C:\Users\Khaja Hussain\.m2\repository\org\springframework\spring-webmvc\6.2.9\spring-webmvc-6.2.9.jar;C:\Users\Khaja Hussain\.m2\repository\org\springframework\spring-expression\6.2.9\spring-expression-6.2.9.jar;C:\Users\Khaja Hussain\.m2\repository\org\springframework\boot\spring-boot-devtools\3.5.4\spring-boot-devtools-3.5.4.jar;C:\Users\Khaja Hussain\.m2\repository\org\springframework\boot\spring-boot\3.5.4\spring-boot-3.5.4.jar;C:\Users\Khaja Hussain\.m2\repository\org\springframework\boot\spring-boot-autoconfigure\3.5.4\spring-boot-autoconfigure-3.5.4.jar;C:\Users\Khaja Hussain\.m2\repository\com\mysql\mysql-connector-j\9.3.0\mysql-connector-j-9.3.0.jar;C:\Users\Khaja Hussain\.m2\repository\org\projectlombok\lombok\1.18.38\lombok-1.18.38.jar;C:\Users\Khaja Hussain\.m2\repository\jakarta\xml\bind\jakarta.xml.bind-api\4.0.2\jakarta.xml.bind-api-4.0.2.jar;C:\Users\Khaja Hussain\.m2\repository\jakarta\activation\jakarta.activation-api\2.1.3\jakarta.activation-api-2.1.3.jar;C:\Users\Khaja Hussain\.m2\repository\org\springframework\spring-core\6.2.9\spring-core-6.2.9.jar;C:\Users\Khaja Hussain\.m2\repository\org\springframework\spring-jcl\6.2.9\spring-jcl-6.2.9.jar
Launcher Type: SUN_STANDARD

[Global flags]
     intx CICompilerCount                          = 4                                         {product} {ergonomic}
     uint ConcGCThreads                            = 3                                         {product} {ergonomic}
     uint G1ConcRefinementThreads                  = 10                                        {product} {ergonomic}
   size_t G1HeapRegionSize                         = 1048576                                   {product} {ergonomic}
   size_t InitialHeapSize                          = 98566144                                  {product} {ergonomic}
   size_t MarkStackSize                            = 4194304                                   {product} {ergonomic}
   size_t MarkStackSizeMax                         = 536870912                                 {product} {ergonomic}
   size_t MaxHeapSize                              = 1570766848                                {product} {ergonomic}
   size_t MaxNewSize                               = 941621248                                 {product} {ergonomic}
   size_t MinHeapDeltaBytes                        = 1048576                                   {product} {ergonomic}
   size_t MinHeapSize                              = 8388608                                   {product} {ergonomic}
    uintx NonNMethodCodeHeapSize                   = 5832704                                {pd product} {ergonomic}
    uintx NonProfiledCodeHeapSize                  = 122945536                              {pd product} {ergonomic}
    uintx ProfiledCodeHeapSize                     = 122880000                              {pd product} {ergonomic}
    uintx ReservedCodeCacheSize                    = 251658240                              {pd product} {ergonomic}
     bool SegmentedCodeCache                       = true                                      {product} {ergonomic}
   size_t SoftMaxHeapSize                          = 1570766848                             {manageable} {ergonomic}
     bool UseCompressedOops                        = true                           {product lp64_product} {ergonomic}
     bool UseG1GC                                  = true                                      {product} {ergonomic}
     bool UseLargePagesIndividualAllocation        = false                                  {pd product} {ergonomic}

Logging:
Log output configuration:
 #0: stdout all=warning uptime,level,tags foldmultilines=false
 #1: stderr all=off uptime,level,tags foldmultilines=false

Environment Variables:
JAVA_HOME=C:\Users\Khaja Hussain\AppData\Local\Programs\Eclipse Adoptium\jdk-17.0.10.7-hotspot\
CLASSPATH=C:\Users\Khaja Hussain\Downloads\mysql-connector-j-9.3.0;.;
PATH=C:\Program Files\Python313\Scripts\;C:\Program Files\Python313\;C:\WINDOWS\system32;C:\WINDOWS;C:\WINDOWS\System32\Wbem;C:\WINDOWS\System32\WindowsPowerShell\v1.0\;C:\MinGW\bin;C:\WINDOWS\System32\OpenSSH\;C:\Program Files\nodejs\;C:\ProgramData\chocolatey\bin;C:\Program Files\Docker\Docker\resources\bin;C:\Program Files\Git\cmd;C:\Program Files\MySQL\MySQL Server 8.0\bin;C:\Program Files\MongoDB\Server\8.0\bin;C:\Users\Khaja Hussain\Downloads\mysql-connector-j-9.3.0\mysql-connector-j-9.3.0;C:\Users\Khaja Hussain\Downloads\apache-maven-3.9.10-bin\apache-maven-3.9.10\bin;C:\Program Files\PowerShell\7\;C:\Program Files\MySQL\MySQL Shell 8.0\bin\;C:\Users\Khaja Hussain\AppData\Local\Programs\Eclipse Adoptium\jdk-17.0.10.7-hotspot\bin;C:\Users\Khaja Hussain\AppData\Local\Microsoft\WindowsApps;C:\MinGW\bin;C:\Users\Khaja Hussain\AppData\Local\Programs\Microsoft VS Code\bin;C:\Program Files\JetBrains\IntelliJ IDEA Community Edition 2024.1.4\bin;;C:\Users\Khaja Hussain\AppData\Roaming\npm;\\wsl.localhost\docker-desktop;C:\Users\Khaja Hussain\AppData\Local\Programs\mongosh\
USERNAME=Khaja Hussain
OS=Windows_NT
PROCESSOR_IDENTIFIER=AMD64 Family 23 Model 104 Stepping 1, AuthenticAMD
TMP=C:\Users\KHAJAH~1\AppData\Local\Temp
TEMP=C:\Users\KHAJAH~1\AppData\Local\Temp




Periodic native trim disabled

---------------  S Y S T E M  ---------------

OS:
 Windows 11 , 64 bit Build 26100 (10.0.26100.4768)
OS uptime: 5 days 12:00 hours
Hyper-V role detected

CPU: total 12 (initial active 12) (12 cores per cpu, 2 threads per core) family 23 model 104 stepping 1 microcode 0x8608107, cx8, cmov, fxsr, ht, mmx, 3dnowpref, sse, sse2, sse3, ssse3, sse4a, sse4.1, sse4.2, popcnt, lzcnt, tsc, tscinvbit, avx, avx2, aes, clmul, bmi1, bmi2, adx, sha, fma, vzeroupper, clflush, clflushopt, hv, rdtscp, rdpid, f16c
Processor Information for processor 0
  Max Mhz: 2100, Current Mhz: 1813, Mhz Limit: 2100
Processor Information for processor 1
  Max Mhz: 2100, Current Mhz: 1813, Mhz Limit: 2100
Processor Information for processor 2
  Max Mhz: 2100, Current Mhz: 1893, Mhz Limit: 2100
Processor Information for processor 3
  Max Mhz: 2100, Current Mhz: 1893, Mhz Limit: 2100
Processor Information for processor 4
  Max Mhz: 2100, Current Mhz: 1813, Mhz Limit: 2100
Processor Information for processor 5
  Max Mhz: 2100, Current Mhz: 1813, Mhz Limit: 2100
Processor Information for processor 6
  Max Mhz: 2100, Current Mhz: 1893, Mhz Limit: 2100
Processor Information for processor 7
  Max Mhz: 2100, Current Mhz: 1893, Mhz Limit: 2100
Processor Information for processor 8
  Max Mhz: 2100, Current Mhz: 1813, Mhz Limit: 2100
Processor Information for processor 9
  Max Mhz: 2100, Current Mhz: 1813, Mhz Limit: 2100
Processor Information for processor 10
  Max Mhz: 2100, Current Mhz: 1813, Mhz Limit: 2100
Processor Information for processor 11
  Max Mhz: 2100, Current Mhz: 1813, Mhz Limit: 2100

Memory: 4k page, system-wide physical 5989M (603M free)
TotalPageFile size 14181M (AvailPageFile size 0M)
current process WorkingSet (physical memory assigned to process): 60M, peak: 238M
current process commit charge ("private bytes"): 283M, peak: 285M

vm_info: OpenJDK 64-Bit Server VM (23+37-2369) for windows-amd64 JRE (23+37-2369), built on 2024-08-20T16:01:23Z with MS VC++ 17.6 (VS2022)

END.
